Arguments: 
  C:\Program Files\nodejs\node.exe C:\Users\mizanmahi\AppData\Roaming\npm\node_modules\yarn\bin\yarn.js add express cors dotenv

PATH: 
  C:\Users\mizanmahi\bin;C:\Program Files\Git\mingw64\bin;C:\Program Files\Git\usr\local\bin;C:\Program Files\Git\usr\bin;C:\Program Files\Git\usr\bin;C:\Program Files\Git\mingw64\bin;C:\Program Files\Git\usr\bin;C:\Users\mizanmahi\bin;C:\WINDOWS\system32;C:\WINDOWS;C:\WINDOWS\System32\Wbem;C:\WINDOWS\System32\WindowsPowerShell\v1.0;C:\WINDOWS\System32\OpenSSH;C:\Program Files\Git\cmd;C:\Users\mizanmahi\AppData\Roaming\nvm;C:\Program Files\nodejs;C:\Users\mizanmahi\.windows-build-tools\python27;C:\Users\mizanmahi\AppData\Local\Microsoft\WindowsApps;C:\Users\mizanmahi\AppData\Roaming\npm;C:\Program Files\MongoDB\Server\4.4\bin;C:\Program Files\heroku\bin;C:\Users\mizanmahi\AppData\Roaming\nvm;C:\Program Files\nodejs;C:\Users\mizanmahi\AppData\Local\Programs\Microsoft VS Code\bin;C:\Program Files\Git\usr\bin\vendor_perl;C:\Program Files\Git\usr\bin\core_perl

Yarn version: 
  1.22.10

Node version: 
  16.6.0

Platform: 
  win32 x64

Trace: 
  Error: connect ETIMEDOUT 104.16.24.35:443
      at TCPConnectWrap.afterConnect [as oncomplete] (node:net:1142:16)

npm manifest: 
  {
    "name": "solruf-task-backend",
    "version": "1.0.0",
    "main": "index.js",
    "license": "MIT"
  }

yarn manifest: 
  No manifest

Lockfile: 
  No lockfile
